[debug] [2022-09-02T20:19:46.057Z] ----------------------------------------------------------------------
[debug] [2022-09-02T20:19:46.058Z] Command:       /usr/local/bin/node /usr/local/bin/firebase init
[debug] [2022-09-02T20:19:46.058Z] CLI Version:   11.3.0
[debug] [2022-09-02T20:19:46.058Z] Platform:      darwin
[debug] [2022-09-02T20:19:46.058Z] Node Version:  v16.16.0
[debug] [2022-09-02T20:19:46.060Z] Time:          Sat Sep 03 2022 04:19:46 GMT+0800 (Central Indonesia Time)
[debug] [2022-09-02T20:19:46.060Z] ----------------------------------------------------------------------
[debug] 
[debug] [2022-09-02T20:19:46.062Z] >>> [apiv2][query] GET https://firebase-public.firebaseio.com/cli.json [none]
[debug] [2022-09-02T20:19:46.071Z] > command requires scopes: ["email","openid","https://www.googleapis.com/auth/cloudplatformprojects.readonly","https://www.googleapis.com/auth/firebase","https://www.googleapis.com/auth/cloud-platform"]
[debug] [2022-09-02T20:19:46.071Z] > authorizing via signed-in user (dicky93darmawan@gmail.com)
[info] 
     ######## #### ########  ######## ########     ###     ######  ########
     ##        ##  ##     ## ##       ##     ##  ##   ##  ##       ##
     ######    ##  ########  ######   ########  #########  ######  ######
     ##        ##  ##    ##  ##       ##     ## ##     ##       ## ##
     ##       #### ##     ## ######## ########  ##     ##  ######  ########

You're about to initialize a Firebase project in this directory:

  /Users/dicky019/development/my web/my-web

[debug] [2022-09-02T20:19:46.868Z] <<< [apiv2][status] GET https://firebase-public.firebaseio.com/cli.json 200
[debug] [2022-09-02T20:19:46.868Z] <<< [apiv2][body] GET https://firebase-public.firebaseio.com/cli.json {"cloudBuildErrorAfter":1594252800000,"cloudBuildWarnAfter":1590019200000,"defaultNode10After":1594252800000,"minVersion":"3.0.5","node8DeploysDisabledAfter":1613390400000,"node8RuntimeDisabledAfter":1615809600000,"node8WarnAfter":1600128000000}
[info] 
=== Project Setup
[info] 
[info] First, let's associate this project directory with a Firebase project.
[info] You can create multiple project aliases by running firebase use --add, 
[info] but for now we'll just set up a default project.
[info] 
